
61. Printing statistics.

=== mkmul_final ===

   Number of wires:              18020
   Number of wire bits:          18214
   Number of public wires:         489
   Number of public wire bits:     683
   Number of memories:               0
   Number of memory bits:            0
   Number of processes:              0
   Number of cells:              18080
     sky130_fd_sc_hd__a211o_2      320
     sky130_fd_sc_hd__a211oi_2     470
     sky130_fd_sc_hd__a21bo_2      321
     sky130_fd_sc_hd__a21boi_2      39
     sky130_fd_sc_hd__a21o_2      1207
     sky130_fd_sc_hd__a21oi_2      671
     sky130_fd_sc_hd__a221o_2       20
     sky130_fd_sc_hd__a221oi_2       1
     sky130_fd_sc_hd__a22o_2       720
     sky130_fd_sc_hd__a22oi_2      487
     sky130_fd_sc_hd__a2bb2o_2      49
     sky130_fd_sc_hd__a2bb2oi_2      8
     sky130_fd_sc_hd__a311o_2        1
     sky130_fd_sc_hd__a311oi_2       1
     sky130_fd_sc_hd__a31o_2       286
     sky130_fd_sc_hd__a31oi_2       14
     sky130_fd_sc_hd__a32o_2        18
     sky130_fd_sc_hd__a32oi_2        1
     sky130_fd_sc_hd__a41o_2         2
     sky130_fd_sc_hd__and2_2       426
     sky130_fd_sc_hd__and2b_2      398
     sky130_fd_sc_hd__and3_2       727
     sky130_fd_sc_hd__and3_4         1
     sky130_fd_sc_hd__and3b_2       27
     sky130_fd_sc_hd__and4_2       659
     sky130_fd_sc_hd__and4b_2        9
     sky130_fd_sc_hd__and4bb_2      75
     sky130_fd_sc_hd__buf_1       1102
     sky130_fd_sc_hd__buf_2        322
     sky130_fd_sc_hd__buf_4         22
     sky130_fd_sc_hd__buf_6          5
     sky130_fd_sc_hd__dfxtp_2      544
     sky130_fd_sc_hd__inv_2        165
     sky130_fd_sc_hd__mux2_2       307
     sky130_fd_sc_hd__nand2_2     1328
     sky130_fd_sc_hd__nand2b_2       5
     sky130_fd_sc_hd__nand3_2      807
     sky130_fd_sc_hd__nand3b_2      48
     sky130_fd_sc_hd__nand4_2      326
     sky130_fd_sc_hd__nand4b_2       3
     sky130_fd_sc_hd__nor2_2       980
     sky130_fd_sc_hd__nor2b_2        1
     sky130_fd_sc_hd__nor3_2       257
     sky130_fd_sc_hd__nor3b_2       18
     sky130_fd_sc_hd__nor4_2        72
     sky130_fd_sc_hd__o2111a_2       2
     sky130_fd_sc_hd__o211a_2      485
     sky130_fd_sc_hd__o211ai_2     272
     sky130_fd_sc_hd__o21a_2       236
     sky130_fd_sc_hd__o21ai_2      415
     sky130_fd_sc_hd__o21ba_2      163
     sky130_fd_sc_hd__o21bai_2     175
     sky130_fd_sc_hd__o221a_2        8
     sky130_fd_sc_hd__o221ai_2       2
     sky130_fd_sc_hd__o22a_2        71
     sky130_fd_sc_hd__o22ai_2       57
     sky130_fd_sc_hd__o2bb2a_2      67
     sky130_fd_sc_hd__o2bb2ai_2      1
     sky130_fd_sc_hd__o311a_2        3
     sky130_fd_sc_hd__o31a_2         7
     sky130_fd_sc_hd__o31ai_2        3
     sky130_fd_sc_hd__o32a_2         3
     sky130_fd_sc_hd__o41a_2         1
     sky130_fd_sc_hd__or2_2        412
     sky130_fd_sc_hd__or2b_2       239
     sky130_fd_sc_hd__or3_2        410
     sky130_fd_sc_hd__or3_4         24
     sky130_fd_sc_hd__or3b_2        37
     sky130_fd_sc_hd__or4_2         48
     sky130_fd_sc_hd__or4_4         19
     sky130_fd_sc_hd__or4b_2        11
     sky130_fd_sc_hd__or4b_4         2
     sky130_fd_sc_hd__or4bb_2       33
     sky130_fd_sc_hd__or4bb_4        2
     sky130_fd_sc_hd__xnor2_2     1311
     sky130_fd_sc_hd__xor2_2       291

   Chip area for module '\mkmul_final': 174656.259200

